<?xml version="1.0" encoding="UTF-8"?>
<!-- Generated by org.testng.reporters.JUnitReportReporter -->
<testsuite hostname="DESKTOP-58CRCHS" failures="0" tests="1" name="TestMethods.LoginTest" time="60.804" errors="0" timestamp="2023-08-02T16:22:33 IST" skipped="0">
  <testcase classname="TestMethods.LoginTest" name="LoginPageDemoTest" time="60.804"/>
</testsuite> <!-- TestMethods.LoginTest -->
